Using pre-set license
Built from '2020.3/release' branch; Version is '2020.3.12f1 (b3b2c6512326) revision 11776710'; Using compiler version '192528614'; Build Type 'Release'
OS: 'Windows 10 Pro; OS build 19042.1110; Version 2009; 64bit' Language: 'zh' Physical Memory: 16276 MB
BatchMode: 1, IsHumanControllingUs: 0, StartBugReporterOnCrash: 0, Is64bit: 1, IsPro: 0

 COMMAND LINE ARGUMENTS:
C:\Program Files\Unity\Hub\Editor\2020.3.12f1\Editor\Unity.exe
-adb2
-batchMode
-noUpm
-name
AssetImportWorker0
-projectPath
C:/Users/USER/Documents/GitHub/2021.6.26/元素騎士
-logFile
Logs/AssetImportWorker0.log
-srvPort
60659
Successfully changed project path to: C:/Users/USER/Documents/GitHub/2021.6.26/元素騎士
C:/Users/USER/Documents/GitHub/2021.6.26/元素騎士
Using Asset Import Pipeline V2.
Refreshing native plugins compatible for Editor in 105.41 ms, found 3 plugins.
Preloading 0 native plugins for Editor in 0.00 ms.
Initialize engine version: 2020.3.12f1 (b3b2c6512326)
[Subsystems] Discovering subsystems at path C:/Program Files/Unity/Hub/Editor/2020.3.12f1/Editor/Data/Resources/UnitySubsystems
[Subsystems] Discovering subsystems at path C:/Users/USER/Documents/GitHub/2021.6.26/元素騎士/Assets
GfxDevice: creating device client; threaded=0
Direct3D:
    Version:  Direct3D 11.0 [level 11.1]
    Renderer: NVIDIA GeForce GTX 960 (ID=0x1401)
    Vendor:   
    VRAM:     4053 MB
    Driver:   27.21.14.5671
Initialize mono
Mono path[0] = 'C:/Program Files/Unity/Hub/Editor/2020.3.12f1/Editor/Data/Managed'
Mono path[1] = 'C:/Program Files/Unity/Hub/Editor/2020.3.12f1/Editor/Data/MonoBleedingEdge/lib/mono/unityjit'
Mono config path = 'C:/Program Files/Unity/Hub/Editor/2020.3.12f1/Editor/Data/MonoBleedingEdge/etc'
Using monoOptions --debugger-agent=transport=dt_socket,embedding=1,server=y,suspend=n,address=127.0.0.1:56984
Begin MonoManager ReloadAssembly
Registering precompiled unity dll's ...
Register platform support module: C:/Program Files/Unity/Hub/Editor/2020.3.12f1/Editor/Data/PlaybackEngines/WebGLSupport/UnityEditor.WebGL.Extensions.dll
Register platform support module: C:/Program Files/Unity/Hub/Editor/2020.3.12f1/Editor/Data/PlaybackEngines/WindowsStandaloneSupport/UnityEditor.WindowsStandalone.Extensions.dll
Registered in 0.004747 seconds.
Native extension for WindowsStandalone target not found
Native extension for WebGL target not found
Refreshing native plugins compatible for Editor in 58.09 ms, found 3 plugins.
Preloading 0 native plugins for Editor in 0.00 ms.
Mono: successfully reloaded assembly
- Completed reload, in  1.602 seconds
Platform modules already initialized, skipping
Registering precompiled user dll's ...
Registered in 0.005389 seconds.
Begin MonoManager ReloadAssembly
Native extension for WindowsStandalone target not found
Native extension for WebGL target not found
Refreshing native plugins compatible for Editor in 57.44 ms, found 3 plugins.
Preloading 0 native plugins for Editor in 0.00 ms.
Mono: successfully reloaded assembly
- Completed reload, in  1.619 seconds
Platform modules already initialized, skipping
========================================================================
Worker process is ready to serve import requests
Launched and connected shader compiler UnityShaderCompiler.exe after 0.07 seconds
Refreshing native plugins compatible for Editor in 0.47 ms, found 3 plugins.
Preloading 0 native plugins for Editor in 0.00 ms.
Unloading 2081 Unused Serialized files (Serialized files now loaded: 0)
System memory in use before: 93.6 MB.
System memory in use after: 93.6 MB.

Unloading 33 unused Assets to reduce memory usage. Loaded Objects now: 2518.
Total: 2.585600 ms (FindLiveObjects: 0.288600 ms CreateObjectMapping: 0.123000 ms MarkObjects: 2.029300 ms  DeleteObjects: 0.142200 ms)

AssetImportParameters requested are different than current active one (requested -> active):
  custom:framework-win-MediaFoundation: 216162199b28c13a410421893ffa2e32 -> 
  custom:video-decoder-ogg-theora: a1e56fd34408186e4bbccfd4996cb3dc -> 
  custom:container-muxer-webm: aa71ff27fc2769a1b78a27578f13a17b -> 
  custom:container-demuxer-webm: 4f35f7cbe854078d1ac9338744f61a02 -> 
  custom:container-demuxer-ogg: 62fdf1f143b41e24485cea50d1cbac27 -> 
  custom:video-encoder-webm-vp8: eb34c28f22e8b96e1ab97ce403110664 -> 
  custom:video-decoder-webm-vp8: 9c59270c3fd7afecdb556c50c9e8de78 -> 
  custom:audio-decoder-ogg-vorbis: bf7c407c2cedff20999df2af8eb42d56 -> 
  custom:audio-encoder-webm-vorbis: bf7c407c2cedff20999df2af8eb42d56 -> 
========================================================================
Received Import Request.
  path: Assets/62-628247_fire-light-light-fire-sparks-effect-png-transparent.png
  artifactKey: Guid(f65982a2c31cb3a4ab0963e765f5f9b4) Importer(815301076,1909f56bfc062723c751e8b465ee728b)
Start importing Assets/62-628247_fire-light-light-fire-sparks-effect-png-transparent.png using Guid(f65982a2c31cb3a4ab0963e765f5f9b4) Importer(815301076,1909f56bfc062723c751e8b465ee728b)  -> (artifact id: '36cad7a2004d46def5bb61bac786992c') in 0.195227 seconds 
  Import took 0.200198 seconds .

========================================================================
Received Import Request.
  Time since last request: 94.168032 seconds.
  path: Assets/d5a64e7e2eef448aba8c833ad0b637fc.png
  artifactKey: Guid(425112c967486e749aecc29798e77627) Importer(815301076,1909f56bfc062723c751e8b465ee728b)
Start importing Assets/d5a64e7e2eef448aba8c833ad0b637fc.png using Guid(425112c967486e749aecc29798e77627) Importer(815301076,1909f56bfc062723c751e8b465ee728b)  -> (artifact id: '37df45d29f625da17733065f9657bfef') in 0.031085 seconds 
  Import took 0.035950 seconds .

========================================================================
Received Import Request.
  Time since last request: 0.004540 seconds.
  path: Assets/d5a64e7e2eef448aba8c833ad0b637fc.png
  artifactKey: Guid(425112c967486e749aecc29798e77627) Importer(815301076,1909f56bfc062723c751e8b465ee728b)
Start importing Assets/d5a64e7e2eef448aba8c833ad0b637fc.png using Guid(425112c967486e749aecc29798e77627) Importer(815301076,1909f56bfc062723c751e8b465ee728b)  -> (artifact id: '37df45d29f625da17733065f9657bfef') in 0.023834 seconds 
  Import took 0.028320 seconds .

========================================================================
Received Import Request.
  Time since last request: 15.671333 seconds.
  path: Assets/閃爍.anim
  artifactKey: Guid(642120cd28e7b78439cbb45566c86aa7) Importer(815301076,1909f56bfc062723c751e8b465ee728b)
Start importing Assets/閃爍.anim using Guid(642120cd28e7b78439cbb45566c86aa7) Importer(815301076,1909f56bfc062723c751e8b465ee728b)  -> (artifact id: 'c40d8d4da6eed671a1884528f061cee8') in 0.016301 seconds 
  Import took 0.021149 seconds .

========================================================================
Received Import Request.
  Time since last request: 2.883332 seconds.
  path: Assets/火光1.controller
  artifactKey: Guid(65e8380283975ce43886e1fd800e1445) Importer(815301076,1909f56bfc062723c751e8b465ee728b)
Start importing Assets/火光1.controller using Guid(65e8380283975ce43886e1fd800e1445) Importer(815301076,1909f56bfc062723c751e8b465ee728b)  -> (artifact id: '5fc8c239fc621ffe080f9fc8d6bf7ec7') in 0.015630 seconds 
  Import took 0.021796 seconds .

========================================================================
Received Import Request.
  Time since last request: 70.387764 seconds.
  path: Assets/火光1.controller
  artifactKey: Guid(65e8380283975ce43886e1fd800e1445) Importer(815301076,1909f56bfc062723c751e8b465ee728b)
Start importing Assets/火光1.controller using Guid(65e8380283975ce43886e1fd800e1445) Importer(815301076,1909f56bfc062723c751e8b465ee728b)  -> (artifact id: 'd94882b47002ab6b92a6daf79aff9ca1') in 0.004632 seconds 
  Import took 0.008934 seconds .

========================================================================
Received Prepare
Registering precompiled user dll's ...
Registered in 0.005720 seconds.
Begin MonoManager ReloadAssembly
Native extension for WindowsStandalone target not found
Native extension for WebGL target not found
Refreshing native plugins compatible for Editor in 2.38 ms, found 3 plugins.
Preloading 0 native plugins for Editor in 0.00 ms.
Mono: successfully reloaded assembly
- Completed reload, in  1.341 seconds
Platform modules already initialized, skipping
Refreshing native plugins compatible for Editor in 0.86 ms, found 3 plugins.
Preloading 0 native plugins for Editor in 0.00 ms.
Unloading 2075 Unused Serialized files (Serialized files now loaded: 0)
System memory in use before: 96.5 MB.
System memory in use after: 96.4 MB.

Unloading 21 unused Assets to reduce memory usage. Loaded Objects now: 2530.
Total: 3.115300 ms (FindLiveObjects: 0.362000 ms CreateObjectMapping: 0.149200 ms MarkObjects: 2.464700 ms  DeleteObjects: 0.137200 ms)

AssetImportParameters requested are different than current active one (requested -> active):
  custom:framework-win-MediaFoundation: 216162199b28c13a410421893ffa2e32 -> 
  custom:video-decoder-ogg-theora: a1e56fd34408186e4bbccfd4996cb3dc -> 
  custom:container-muxer-webm: aa71ff27fc2769a1b78a27578f13a17b -> 
  custom:container-demuxer-webm: 4f35f7cbe854078d1ac9338744f61a02 -> 
  custom:container-demuxer-ogg: 62fdf1f143b41e24485cea50d1cbac27 -> 
  custom:video-encoder-webm-vp8: eb34c28f22e8b96e1ab97ce403110664 -> 
  custom:video-decoder-webm-vp8: 9c59270c3fd7afecdb556c50c9e8de78 -> 
  custom:audio-decoder-ogg-vorbis: bf7c407c2cedff20999df2af8eb42d56 -> 
  custom:audio-encoder-webm-vorbis: bf7c407c2cedff20999df2af8eb42d56 -> 
========================================================================
Received Import Request.
  Time since last request: 151.846013 seconds.
  path: Assets/8c91429aa7c2f3ff.jpg
  artifactKey: Guid(83f138b873c6fcf43afe7c77f66b3ff4) Importer(815301076,1909f56bfc062723c751e8b465ee728b)
Start importing Assets/8c91429aa7c2f3ff.jpg using Guid(83f138b873c6fcf43afe7c77f66b3ff4) Importer(815301076,1909f56bfc062723c751e8b465ee728b)  -> (artifact id: 'a396eaddd2e524c750bc700f76645c5c') in 0.090429 seconds 
  Import took 0.097076 seconds .

========================================================================
Received Import Request.
  Time since last request: 58.653487 seconds.
  path: Assets
  artifactKey: Guid(00000000000000001000000000000000) Importer(815301076,1909f56bfc062723c751e8b465ee728b)
Start importing Assets using Guid(00000000000000001000000000000000) Importer(815301076,1909f56bfc062723c751e8b465ee728b)  -> (artifact id: '42d402b061de3733987d63b9cc3b64de') in 0.014661 seconds 
  Import took 0.021049 seconds .

========================================================================
Received Import Request.
  Time since last request: 7.584304 seconds.
  path: Assets/—Pngtree—floating spark_4559657.png
  artifactKey: Guid(2ce42eb7589fde540b6a8c988978f515) Importer(815301076,1909f56bfc062723c751e8b465ee728b)
Start importing Assets/—Pngtree—floating spark_4559657.png using Guid(2ce42eb7589fde540b6a8c988978f515) Importer(815301076,1909f56bfc062723c751e8b465ee728b)  -> (artifact id: 'f415f2e02085c3e434e8f4c812180c1b') in 0.046380 seconds 
  Import took 0.055601 seconds .

========================================================================
Received Import Request.
  Time since last request: 67.796221 seconds.
  path: Assets/特效.anim
  artifactKey: Guid(194d9356f5014d149bc62f5b3f2e4ab9) Importer(815301076,1909f56bfc062723c751e8b465ee728b)
Start importing Assets/特效.anim using Guid(194d9356f5014d149bc62f5b3f2e4ab9) Importer(815301076,1909f56bfc062723c751e8b465ee728b)  -> (artifact id: '642f3ba8a1c30f3961e7b939d687d987') in 0.008100 seconds 
  Import took 0.014043 seconds .

========================================================================
Received Import Request.
  Time since last request: 0.002181 seconds.
  path: Assets/特效.anim
  artifactKey: Guid(194d9356f5014d149bc62f5b3f2e4ab9) Importer(815301076,1909f56bfc062723c751e8b465ee728b)
Start importing Assets/特效.anim using Guid(194d9356f5014d149bc62f5b3f2e4ab9) Importer(815301076,1909f56bfc062723c751e8b465ee728b)  -> (artifact id: '642f3ba8a1c30f3961e7b939d687d987') in 0.003528 seconds 
  Import took 0.009976 seconds .

========================================================================
Received Prepare
Registering precompiled user dll's ...
Registered in 0.007523 seconds.
Begin MonoManager ReloadAssembly
Native extension for WindowsStandalone target not found
Native extension for WebGL target not found
Refreshing native plugins compatible for Editor in 0.98 ms, found 3 plugins.
Preloading 0 native plugins for Editor in 0.00 ms.
Mono: successfully reloaded assembly
- Completed reload, in  1.286 seconds
Platform modules already initialized, skipping
Refreshing native plugins compatible for Editor in 1.02 ms, found 3 plugins.
Preloading 0 native plugins for Editor in 0.00 ms.
Unloading 2075 Unused Serialized files (Serialized files now loaded: 0)
System memory in use before: 96.5 MB.
System memory in use after: 96.5 MB.

Unloading 21 unused Assets to reduce memory usage. Loaded Objects now: 2537.
Total: 6.459100 ms (FindLiveObjects: 0.588200 ms CreateObjectMapping: 0.782000 ms MarkObjects: 4.676000 ms  DeleteObjects: 0.409600 ms)

AssetImportParameters requested are different than current active one (requested -> active):
  custom:framework-win-MediaFoundation: 216162199b28c13a410421893ffa2e32 -> 
  custom:video-decoder-ogg-theora: a1e56fd34408186e4bbccfd4996cb3dc -> 
  custom:container-muxer-webm: aa71ff27fc2769a1b78a27578f13a17b -> 
  custom:container-demuxer-webm: 4f35f7cbe854078d1ac9338744f61a02 -> 
  custom:container-demuxer-ogg: 62fdf1f143b41e24485cea50d1cbac27 -> 
  custom:video-encoder-webm-vp8: eb34c28f22e8b96e1ab97ce403110664 -> 
  custom:video-decoder-webm-vp8: 9c59270c3fd7afecdb556c50c9e8de78 -> 
  custom:audio-decoder-ogg-vorbis: bf7c407c2cedff20999df2af8eb42d56 -> 
  custom:audio-encoder-webm-vorbis: bf7c407c2cedff20999df2af8eb42d56 -> 
========================================================================
Received Prepare
Registering precompiled user dll's ...
Registered in 0.005068 seconds.
Begin MonoManager ReloadAssembly
Native extension for WindowsStandalone target not found
Native extension for WebGL target not found
Refreshing native plugins compatible for Editor in 0.51 ms, found 3 plugins.
Preloading 0 native plugins for Editor in 0.00 ms.
Mono: successfully reloaded assembly
- Completed reload, in  1.246 seconds
Platform modules already initialized, skipping
Refreshing native plugins compatible for Editor in 0.48 ms, found 3 plugins.
Preloading 0 native plugins for Editor in 0.00 ms.
Unloading 2075 Unused Serialized files (Serialized files now loaded: 0)
System memory in use before: 96.5 MB.
System memory in use after: 96.5 MB.

Unloading 21 unused Assets to reduce memory usage. Loaded Objects now: 2541.
Total: 2.378000 ms (FindLiveObjects: 0.202000 ms CreateObjectMapping: 0.081400 ms MarkObjects: 1.927400 ms  DeleteObjects: 0.166200 ms)

AssetImportParameters requested are different than current active one (requested -> active):
  custom:framework-win-MediaFoundation: 216162199b28c13a410421893ffa2e32 -> 
  custom:video-decoder-ogg-theora: a1e56fd34408186e4bbccfd4996cb3dc -> 
  custom:container-muxer-webm: aa71ff27fc2769a1b78a27578f13a17b -> 
  custom:container-demuxer-webm: 4f35f7cbe854078d1ac9338744f61a02 -> 
  custom:container-demuxer-ogg: 62fdf1f143b41e24485cea50d1cbac27 -> 
  custom:video-encoder-webm-vp8: eb34c28f22e8b96e1ab97ce403110664 -> 
  custom:video-decoder-webm-vp8: 9c59270c3fd7afecdb556c50c9e8de78 -> 
  custom:audio-decoder-ogg-vorbis: bf7c407c2cedff20999df2af8eb42d56 -> 
  custom:audio-encoder-webm-vorbis: bf7c407c2cedff20999df2af8eb42d56 -> 
AssetImportWorkerClient::OnTransportError - code=2 error=End of file
