Using pre-set license
Built from '2020.3/release' branch; Version is '2020.3.12f1 (b3b2c6512326) revision 11776710'; Using compiler version '192528614'; Build Type 'Release'
OS: 'Windows 10 Pro; OS build 19042.1110; Version 2009; 64bit' Language: 'zh' Physical Memory: 16276 MB
BatchMode: 1, IsHumanControllingUs: 0, StartBugReporterOnCrash: 0, Is64bit: 1, IsPro: 0

 COMMAND LINE ARGUMENTS:
C:\Program Files\Unity\Hub\Editor\2020.3.12f1\Editor\Unity.exe
-adb2
-batchMode
-noUpm
-name
AssetImportWorker0
-projectPath
C:/Users/USER/Documents/GitHub/2021.6.26/練習
-logFile
Logs/AssetImportWorker0.log
-srvPort
54028
Successfully changed project path to: C:/Users/USER/Documents/GitHub/2021.6.26/練習
C:/Users/USER/Documents/GitHub/2021.6.26/練習
Using Asset Import Pipeline V2.
Refreshing native plugins compatible for Editor in 58.97 ms, found 3 plugins.
Preloading 0 native plugins for Editor in 0.00 ms.
Initialize engine version: 2020.3.12f1 (b3b2c6512326)
[Subsystems] Discovering subsystems at path C:/Program Files/Unity/Hub/Editor/2020.3.12f1/Editor/Data/Resources/UnitySubsystems
[Subsystems] Discovering subsystems at path C:/Users/USER/Documents/GitHub/2021.6.26/練習/Assets
GfxDevice: creating device client; threaded=0
Direct3D:
    Version:  Direct3D 11.0 [level 11.1]
    Renderer: NVIDIA GeForce GTX 960 (ID=0x1401)
    Vendor:   
    VRAM:     4053 MB
    Driver:   27.21.14.5671
Initialize mono
Mono path[0] = 'C:/Program Files/Unity/Hub/Editor/2020.3.12f1/Editor/Data/Managed'
Mono path[1] = 'C:/Program Files/Unity/Hub/Editor/2020.3.12f1/Editor/Data/MonoBleedingEdge/lib/mono/unityjit'
Mono config path = 'C:/Program Files/Unity/Hub/Editor/2020.3.12f1/Editor/Data/MonoBleedingEdge/etc'
Using monoOptions --debugger-agent=transport=dt_socket,embedding=1,server=y,suspend=n,address=127.0.0.1:56092
Begin MonoManager ReloadAssembly
Registering precompiled unity dll's ...
Register platform support module: C:/Program Files/Unity/Hub/Editor/2020.3.12f1/Editor/Data/PlaybackEngines/WebGLSupport/UnityEditor.WebGL.Extensions.dll
Register platform support module: C:/Program Files/Unity/Hub/Editor/2020.3.12f1/Editor/Data/PlaybackEngines/WindowsStandaloneSupport/UnityEditor.WindowsStandalone.Extensions.dll
Registered in 0.002909 seconds.
Native extension for WindowsStandalone target not found
Native extension for WebGL target not found
Refreshing native plugins compatible for Editor in 56.47 ms, found 3 plugins.
Preloading 0 native plugins for Editor in 0.00 ms.
Mono: successfully reloaded assembly
- Completed reload, in  1.580 seconds
Platform modules already initialized, skipping
Registering precompiled user dll's ...
Registered in 0.005298 seconds.
Begin MonoManager ReloadAssembly
Native extension for WindowsStandalone target not found
Native extension for WebGL target not found
Refreshing native plugins compatible for Editor in 58.25 ms, found 3 plugins.
Preloading 0 native plugins for Editor in 0.00 ms.
Mono: successfully reloaded assembly
- Completed reload, in  1.598 seconds
Platform modules already initialized, skipping
========================================================================
Worker process is ready to serve import requests
Launched and connected shader compiler UnityShaderCompiler.exe after 0.06 seconds
Refreshing native plugins compatible for Editor in 0.53 ms, found 3 plugins.
Preloading 0 native plugins for Editor in 0.00 ms.
Unloading 2084 Unused Serialized files (Serialized files now loaded: 0)
System memory in use before: 93.0 MB.
System memory in use after: 92.9 MB.

Unloading 33 unused Assets to reduce memory usage. Loaded Objects now: 2517.
Total: 3.434600 ms (FindLiveObjects: 0.282000 ms CreateObjectMapping: 0.095900 ms MarkObjects: 2.623800 ms  DeleteObjects: 0.335600 ms)

AssetImportParameters requested are different than current active one (requested -> active):
  custom:framework-win-MediaFoundation: 216162199b28c13a410421893ffa2e32 -> 
  custom:video-decoder-ogg-theora: a1e56fd34408186e4bbccfd4996cb3dc -> 
  custom:container-muxer-webm: aa71ff27fc2769a1b78a27578f13a17b -> 
  custom:container-demuxer-webm: 4f35f7cbe854078d1ac9338744f61a02 -> 
  custom:container-demuxer-ogg: 62fdf1f143b41e24485cea50d1cbac27 -> 
  custom:video-encoder-webm-vp8: eb34c28f22e8b96e1ab97ce403110664 -> 
  custom:video-decoder-webm-vp8: 9c59270c3fd7afecdb556c50c9e8de78 -> 
  custom:audio-decoder-ogg-vorbis: bf7c407c2cedff20999df2af8eb42d56 -> 
  custom:audio-encoder-webm-vorbis: bf7c407c2cedff20999df2af8eb42d56 -> 
========================================================================
Received Import Request.
  path: Assets/Scenes/SampleScene.unity
  artifactKey: Guid(2cda990e2423bbf4892e6590ba056729) Importer(815301076,1909f56bfc062723c751e8b465ee728b)
Start importing Assets/Scenes/SampleScene.unity using Guid(2cda990e2423bbf4892e6590ba056729) Importer(815301076,1909f56bfc062723c751e8b465ee728b)  -> (artifact id: '9c9ffc20eda4fe8c5c93d37fa2055c2d') in 0.023134 seconds 
  Import took 0.030385 seconds .

========================================================================
Received Import Request.
  Time since last request: 909.743693 seconds.
  path: Assets/Individual Sprites/adventurer-jump-00.png
  artifactKey: Guid(b02a4fc35399a2c42981b90b5a879a6c) Importer(815301076,1909f56bfc062723c751e8b465ee728b)
Start importing Assets/Individual Sprites/adventurer-jump-00.png using Guid(b02a4fc35399a2c42981b90b5a879a6c) Importer(815301076,1909f56bfc062723c751e8b465ee728b)  -> (artifact id: '2bcc965767d42dc85c31954255dbca51') in 0.314674 seconds 
  Import took 0.324616 seconds .

========================================================================
Received Import Request.
  Time since last request: 0.000285 seconds.
  path: Assets/Individual Sprites/adventurer-jump-03.png
  artifactKey: Guid(13076e0178e5d6f4a8eb241105959799) Importer(815301076,1909f56bfc062723c751e8b465ee728b)
Start importing Assets/Individual Sprites/adventurer-jump-03.png using Guid(13076e0178e5d6f4a8eb241105959799) Importer(815301076,1909f56bfc062723c751e8b465ee728b)  -> (artifact id: '69b627f394bd0cf6d84e8aff3b1e77e9') in 0.029832 seconds 
  Import took 0.034875 seconds .

========================================================================
Received Import Request.
  Time since last request: 0.001237 seconds.
  path: Assets/Individual Sprites/adventurer-jump-01.png
  artifactKey: Guid(2b9bd3bc8746a354d8fb274c167a2fd0) Importer(815301076,1909f56bfc062723c751e8b465ee728b)
Start importing Assets/Individual Sprites/adventurer-jump-01.png using Guid(2b9bd3bc8746a354d8fb274c167a2fd0) Importer(815301076,1909f56bfc062723c751e8b465ee728b)  -> (artifact id: '021bb403034776ebec8456e932bc2dad') in 0.030298 seconds 
  Import took 0.036780 seconds .

========================================================================
Received Import Request.
  Time since last request: 0.000288 seconds.
  path: Assets/Individual Sprites/adventurer-jump-02.png
  artifactKey: Guid(29ebe2f58c8d3194eb76b0c4f91c64d5) Importer(815301076,1909f56bfc062723c751e8b465ee728b)
Start importing Assets/Individual Sprites/adventurer-jump-02.png using Guid(29ebe2f58c8d3194eb76b0c4f91c64d5) Importer(815301076,1909f56bfc062723c751e8b465ee728b)  -> (artifact id: '60a6afc686f88c1a6bcef82268437b18') in 0.033007 seconds 
  Import took 0.038055 seconds .

========================================================================
Received Import Request.
  Time since last request: 0.001789 seconds.
  path: Assets/Individual Sprites/adventurer-ladder-climb-00.png
  artifactKey: Guid(10fdc8904dbcd7f4fbbf480d717c1973) Importer(815301076,1909f56bfc062723c751e8b465ee728b)
Start importing Assets/Individual Sprites/adventurer-ladder-climb-00.png using Guid(10fdc8904dbcd7f4fbbf480d717c1973) Importer(815301076,1909f56bfc062723c751e8b465ee728b)  -> (artifact id: '32b550919bb4c05803aec3b5aa64c2bf') in 0.030485 seconds 
  Import took 0.035355 seconds .

AssetImportWorkerClient::OnTransportError - code=2 error=End of file
